[2026-03-24 19:16:49] Game launched: Demo Adventure
[2026-03-24 20:47:08] Engine launched.
[2026-04-04 12:16:26] Engine launched.
[2026-04-04 12:16:33] Game selected: games/Haunted Dungeon
[2026-04-04 12:16:38] New game started for: games/Haunted Dungeon
[2026-04-04 12:16:38] Loaded scene: scene_1
[2026-04-04 12:16:44] Player selected option 1: Proceed
[2026-04-04 12:16:44] Scene transition: scene_1 -> scene_2
[2026-04-04 12:16:44] ERROR: Missing scene file: games/Haunted Dungeon/scenes/scene_2.txt
[2026-04-04 12:17:03] Engine launched.
[2026-04-04 12:17:06] Game selected: games/demo_game
[2026-04-04 12:17:07] New game started for: games/demo_game
[2026-04-04 12:17:07] Loaded scene: scene_1
[2026-04-04 12:17:09] Player selected option 1: Take the left path
[2026-04-04 12:17:09] Gold changed by +5. New gold: 5
[2026-04-04 12:17:09] Scene transition: scene_1 -> scene_2
[2026-04-04 12:17:09] Loaded scene: scene_2
[2026-04-04 12:17:12] Player selected option 1: Accept the key and stay in the village
[2026-04-04 12:17:12] Item added: key
[2026-04-04 12:17:12] Reputation changed by +1. New reputation: 1
[2026-04-04 12:17:12] Scene transition: scene_2 -> ending_good
[2026-04-04 12:17:12] Loaded scene: ending_good
[2026-04-04 12:17:12] Reached ending: ending_good
[2026-04-04 12:17:17] New game started for: games/demo_game
[2026-04-04 12:17:17] Loaded scene: scene_1
[2026-04-04 12:17:20] Player selected option 1: Take the left path
[2026-04-04 12:17:20] Gold changed by +5. New gold: 5
[2026-04-04 12:17:20] Scene transition: scene_1 -> scene_2
[2026-04-04 12:17:20] Loaded scene: scene_2
[2026-04-04 12:17:23] Player selected option 2: Refuse and leave at night
[2026-04-04 12:17:23] Reputation changed by -1. New reputation: -1
[2026-04-04 12:17:23] Scene transition: scene_2 -> ending_bad
[2026-04-04 12:17:23] Loaded scene: ending_bad
[2026-04-04 12:17:23] Reached ending: ending_bad
[2026-04-04 12:22:29] Engine launched.
[2026-04-04 12:22:52] Game selected: games/demo_game
[2026-04-04 12:23:03] New game started for: games/demo_game
[2026-04-04 12:23:03] Loaded scene: scene_1
[2026-04-04 12:23:56] Player selected option 1: Take the left path
[2026-04-04 12:23:56] Gold changed by +5. New gold: 5
[2026-04-04 12:23:57] Scene transition: scene_1 -> scene_2
[2026-04-04 12:23:57] Loaded scene: scene_2
[2026-04-04 12:24:25] Player selected option 1: Accept the key and stay in the village
[2026-04-04 12:24:25] Item added: key
[2026-04-04 12:24:25] Reputation changed by +1. New reputation: 1
[2026-04-04 12:24:25] Scene transition: scene_2 -> ending_good
[2026-04-04 12:24:25] Loaded scene: ending_good
[2026-04-04 12:24:25] Reached ending: ending_good
[2026-04-04 12:24:56] Game ended by user.
[2026-04-04 12:36:28] Engine launched.
[2026-04-04 12:36:34] Game selected: games/nowfel
[2026-04-04 12:36:36] New game started for: games/nowfel
[2026-04-04 12:36:36] Loaded scene: scene_1
[2026-04-04 12:36:44] Player selected option 1: Yes
[2026-04-04 12:36:44] Scene transition: scene_1 -> scene_2
[2026-04-04 12:36:44] Loaded scene: scene_2
[2026-04-04 12:37:04] Player selected option 1: You grab the bag and run away.
[2026-04-04 12:37:04] Scene transition: scene_2 -> scene_3
[2026-04-04 12:37:04] Loaded scene: scene_3
[2026-04-04 12:37:17] Player selected option 1: You stop and pretend that nothing happened.
[2026-04-04 12:37:17] Scene transition: scene_3 -> ending_bad
[2026-04-04 12:37:17] Loaded scene: ending_bad
[2026-04-04 12:37:17] Reached ending: ending_bad
[2026-04-04 12:37:33] Game ended by user.
[2026-04-04 12:48:02] Engine launched.
[2026-04-04 12:48:36] Game selected: games/demo_game
[2026-04-04 12:48:39] New game started for: games/demo_game
[2026-04-04 12:48:39] Loaded scene: scene_1
[2026-04-04 12:49:51] Player selected option 1: Take the left path
[2026-04-04 12:49:52] Gold changed by +5. New gold: 5
[2026-04-04 12:49:52] Scene transition: scene_1 -> scene_2
[2026-04-04 12:49:52] Loaded scene: scene_2
[2026-04-04 12:50:07] Player selected option 2: Refuse and leave at night
[2026-04-04 12:50:07] Reputation changed by -1. New reputation: -1
[2026-04-04 12:50:07] Scene transition: scene_2 -> ending_bad
[2026-04-04 12:50:08] Loaded scene: ending_bad
[2026-04-04 12:50:08] Reached ending: ending_bad
[2026-04-04 12:50:25] Game ended by user.
[2026-04-04 13:01:49] Engine launched.
[2026-04-04 13:01:53] Game selected: games/Amit's game
[2026-04-04 13:02:04] New game started for: games/Amit's game
[2026-04-04 13:02:04] Loaded scene: scene_1
[2026-04-04 13:02:34] Player selected option 1: Shamne giye check korbe oita ki
[2026-04-04 13:02:34] Scene transition: scene_1 -> scene_2
[2026-04-04 13:02:34] Loaded scene: scene_2
[2026-04-04 13:02:38] Player selected option 1: kheye felbe
[2026-04-04 13:02:38] Scene transition: scene_2 -> scene_3
[2026-04-04 13:02:38] Loaded scene: scene_3
[2026-04-04 13:02:44] Player selected option 1: Douranor cheshta korlo
[2026-04-04 13:02:44] Scene transition: scene_3 -> ending_bad
[2026-04-04 13:02:44] Loaded scene: ending_bad
[2026-04-04 13:02:44] Reached ending: ending_bad
